SlowShaScan 4 threads IP range [2147000000,4294967296)
Prepared HashThread 2147000000-2683991824 1956725890
Prepared HashThread 2683991824-3220983648 356573597
Prepared HashThread 3220983648-3757975472 1735600054
Prepared HashThread 3757975472-4294967296 21685669
Starting HashThread 2147000000-2683991824
Starting HashThread 2683991824-3220983648
Starting HashThread 3220983648-3757975472
Starting HashThread 3757975472-4294967296
end main
Hashes: 0.0M - Rate: 0.0 H/s - Progress: 0.0%
Hashes: 32.69M - Rate: 108966.66666666667 H/s - Progress: 1.5219039908510785%
Hashes: 65.67M - Rate: 109933.33333333333 H/s - Progress: 3.057309118360059%
Hashes: 98.59M - Rate: 109733.33333333333 H/s - Progress: 4.589920907250163%
Hashes: 131.6M - Rate: 110033.33333333333 H/s - Progress: 6.126722704068581%
Hashes: 164.59M - Rate: 110334.44816053512 H/s - Progress: 7.6625933880140416%
Hashes: 197.55M - Rate: 110234.11371237459 H/s - Progress: 9.197067402650063%
Hashes: 230.48M - Rate: 110133.77926421404 H/s - Progress: 10.730144747976647%
Hashes: 263.44M - Rate: 109866.66666666667 H/s - Progress: 12.264618762612669%
Hashes: 295.9M - Rate: 108561.872909699 H/s - Progress: 13.775814955424723%
Hashes: 327.51M - Rate: 105366.66666666667 H/s - Progress: 15.247438851136028%
Hashes: 360.46M - Rate: 110200.66889632108 H/s - Progress: 16.78144730933557%
Hashes: 393.5M - Rate: 110133.33333333333 H/s - Progress: 18.319645775463428%
Hashes: 426.4M - Rate: 109666.66666666667 H/s - Progress: 19.85132645148057%
Hashes: 459.35M - Rate: 110200.66889632108 H/s - Progress: 21.385334909680115%
Hashes: 492.34M - Rate: 109966.66666666667 H/s - Progress: 22.921205593625572%
Hashes: 525.36M - Rate: 110066.66666666667 H/s - Progress: 24.458472946880473%
Hashes: 558.35M - Rate: 109966.66666666667 H/s - Progress: 25.994343630825934%
Hashes: 591.36M - Rate: 110401.33779264214 H/s - Progress: 27.53114542764435%
Hashes: 624.3M - Rate: 110167.22408026755 H/s - Progress: 29.064688329407414%
Hashes: 657.28M - Rate: 109933.33333333333 H/s - Progress: 30.600093456916394%
Hashes: 690.22M - Rate: 110167.22408026755 H/s - Progress: 32.13363635867946%
Hashes: 723.24M - Rate: 110066.66666666667 H/s - Progress: 33.67090371193436%
Hashes: 756.2M - Rate: 110234.11371237459 H/s - Progress: 35.205377726570376%
Hashes: 789.22M - Rate: 110066.66666666667 H/s - Progress: 36.74264507982527%
Hashes: 822.15M - Rate: 110133.77926421404 H/s - Progress: 38.27572242515186%
Hashes: 855.17M - Rate: 110434.78260869565 H/s - Progress: 39.81298977840675%
Hashes: 888.17M - Rate: 110000.0 H/s - Progress: 41.349326018788695%
Hashes: 921.14M - Rate: 110267.5585284281 H/s - Progress: 42.8842655898612%
Hashes: 954.13M - Rate: 109966.66666666667 H/s - Progress: 44.420136273806655%
Hashes: 987.1M - Rate: 110267.5585284281 H/s - Progress: 45.955075844879154%
Hashes: 1020.05M - Rate: 110200.66889632108 H/s - Progress: 47.4890843030787%
Hashes: 1053.07M - Rate: 110066.66666666667 H/s - Progress: 49.0263516563336%
Hashes: 1085.87M - Rate: 109333.33333333333 H/s - Progress: 50.553376767985945%
Hashes: 1118.89M - Rate: 110434.78260869565 H/s - Progress: 52.09064412124085%
Hashes: 1151.91M - Rate: 110434.78260869565 H/s - Progress: 53.62791147449575%
Hashes: 1184.79M - Rate: 109600.0 H/s - Progress: 55.15866103763993%
Hashes: 1217.72M - Rate: 110133.77926421404 H/s - Progress: 56.69173838296652%
Hashes: 1250.66M - Rate: 110167.22408026755 H/s - Progress: 58.22528128472958%
Hashes: 1283.64M - Rate: 109933.33333333333 H/s - Progress: 59.76068641223856%
Hashes: 1316.62M - Rate: 110301.0033444816 H/s - Progress: 61.29609153974754%
Hashes: 1349.62M - Rate: 110367.89297658863 H/s - Progress: 62.83242778012947%
Hashes: 1382.62M - Rate: 110000.0 H/s - Progress: 64.36876402051142%
Hashes: 1415.62M - Rate: 110367.89297658863 H/s - Progress: 65.90510026089336%
Hashes: 1448.67M - Rate: 110535.1170568562 H/s - Progress: 67.4437642834577%
Hashes: 1481.5M - Rate: 109799.33110367892 H/s - Progress: 68.97218606441949%
Hashes: 1514.5M - Rate: 110367.89297658863 H/s - Progress: 70.50852230480143%
Hashes: 1547.47M - Rate: 109900.0 H/s - Progress: 72.04346187587393%
Hashes: 1580.49M - Rate: 110434.78260869565 H/s - Progress: 73.58072922912882%
Hashes: 1613.52M - Rate: 110100.0 H/s - Progress: 75.11846213882019%
Hashes: 1646.55M - Rate: 110468.22742474916 H/s - Progress: 76.65619504851158%
Hashes: 1679.54M - Rate: 109966.66666666667 H/s - Progress: 78.19206573245704%
Hashes: 1712.51M - Rate: 109900.0 H/s - Progress: 79.72700530352954%
Hashes: 1745.47M - Rate: 109866.66666666667 H/s - Progress: 81.26147931816557%
Hashes: 1778.41M - Rate: 110167.22408026755 H/s - Progress: 82.79502221992863%
Hashes: 1811.41M - Rate: 110367.89297658863 H/s - Progress: 84.33135846031055%
Hashes: 1844.38M - Rate: 109900.0 H/s - Progress: 85.86629803138305%
Hashes: 1877.31M - Rate: 110133.77926421404 H/s - Progress: 87.39937537670964%
Hashes: 1910.29M - Rate: 110301.0033444816 H/s - Progress: 88.93478050421862%
Hashes: 1943.25M - Rate: 109866.66666666667 H/s - Progress: 90.46925451885464%
Hashes: 1976.27M - Rate: 110066.66666666667 H/s - Progress: 92.00652187210954%
Hashes: 2009.27M - Rate: 110367.89297658863 H/s - Progress: 93.54285811249149%
Hashes: 2042.14M - Rate: 109566.66666666667 H/s - Progress: 95.07314211919919%
Hashes: 2075.11M - Rate: 110267.5585284281 H/s - Progress: 96.6080816902717%
Hashes: 2108.13M - Rate: 110066.66666666667 H/s - Progress: 98.1453490435266%
Finished HashThread 3757975472-4294967296
Hashes: 2141.02M - Rate: 110000.0 H/s - Progress: 99.67656416310726%
Finished HashThread 2683991824-3220983648
Finished HashThread 3220983648-3757975472
Finished HashThread 2147000000-2683991824
