SlowShaScan 16 threads IP range [0,2147000000)
Prepared HashThread 0-134187500 1956725890
Prepared HashThread 134187500-268375000 356573597
Prepared HashThread 268375000-402562500 1735600054
Prepared HashThread 402562500-536750000 21685669
Prepared HashThread 536750000-670937500 2133927002
Prepared HashThread 670937500-805125000 1836019240
Prepared HashThread 805125000-939312500 325040804
Prepared HashThread 939312500-1073500000 1173230247
Prepared HashThread 1073500000-1207687500 856419764
Prepared HashThread 1207687500-1341875000 621009875
Prepared HashThread 1341875000-1476062500 1265094477
Prepared HashThread 1476062500-1610250000 2125039532
Prepared HashThread 1610250000-1744437500 312714112
Prepared HashThread 1744437500-1878625000 692404036
Prepared HashThread 1878625000-2012812500 1554874502
Prepared HashThread 2012812500-2147000000 1627674070
Starting HashThread 0-134187500
Starting HashThread 134187500-268375000
Starting HashThread 268375000-402562500
Starting HashThread 402562500-536750000
Starting HashThread 536750000-670937500
Starting HashThread 670937500-805125000
Starting HashThread 805125000-939312500
Starting HashThread 939312500-1073500000
Starting HashThread 1073500000-1207687500
Starting HashThread 1207687500-1341875000
Starting HashThread 1341875000-1476062500
Starting HashThread 1476062500-1610250000
Starting HashThread 1610250000-1744437500
Starting HashThread 1744437500-1878625000
Starting HashThread 1878625000-2012812500
Starting HashThread 2012812500-2147000000
end main
Hashes: 0.0M - Rate: 0.0 H/s - Progress: 0.0%
Hashes: 45.12M - Rate: 150400.0 H/s - Progress: 2.1015370284117374%
Hashes: 89.07M - Rate: 146500.0 H/s - Progress: 4.148579413134606%
Hashes: 133.66M - Rate: 149130.4347826087 H/s - Progress: 6.225430833721472%
Hashes: 178.22M - Rate: 148533.33333333334 H/s - Progress: 8.300884955752212%
Hashes: 222.43M - Rate: 147859.53177257525 H/s - Progress: 10.36003726129483%
Hashes: 267.03M - Rate: 148666.66666666666 H/s - Progress: 12.43735444806707%
Hashes: 309.01M - Rate: 140401.33779264215 H/s - Progress: 14.392640894271075%
Hashes: 351.14M - Rate: 140903.01003344482 H/s - Progress: 16.354913833255704%
Hashes: 393.79M - Rate: 142166.66666666666 H/s - Progress: 18.341406613879833%
Hashes: 436.63M - Rate: 143277.59197324415 H/s - Progress: 20.33674895202608%
Hashes: 478.62M - Rate: 139966.66666666666 H/s - Progress: 22.292501164415462%
Hashes: 520.22M - Rate: 138666.66666666666 H/s - Progress: 24.230088495575224%
Hashes: 561.29M - Rate: 137357.85953177258 H/s - Progress: 26.142990218910107%
Hashes: 602.6M - Rate: 137700.0 H/s - Progress: 28.067070330693994%
