SlowShaScan 16 threads IP range [0,2147000000)
Prepared HashThread 0-134187500 1956725890
Prepared HashThread 134187500-268375000 356573597
Prepared HashThread 268375000-402562500 1735600054
Prepared HashThread 402562500-536750000 21685669
Prepared HashThread 536750000-670937500 2133927002
Prepared HashThread 670937500-805125000 1836019240
Prepared HashThread 805125000-939312500 325040804
Prepared HashThread 939312500-1073500000 1173230247
Prepared HashThread 1073500000-1207687500 856419764
Prepared HashThread 1207687500-1341875000 621009875
Prepared HashThread 1341875000-1476062500 1265094477
Prepared HashThread 1476062500-1610250000 2125039532
Prepared HashThread 1610250000-1744437500 312714112
Prepared HashThread 1744437500-1878625000 692404036
Prepared HashThread 1878625000-2012812500 1554874502
Prepared HashThread 2012812500-2147000000 1627674070
Starting HashThread 0-134187500
Starting HashThread 134187500-268375000
Starting HashThread 268375000-402562500
Starting HashThread 402562500-536750000
Starting HashThread 536750000-670937500
Starting HashThread 670937500-805125000
Starting HashThread 805125000-939312500
Starting HashThread 939312500-1073500000
Starting HashThread 1073500000-1207687500
Starting HashThread 1207687500-1341875000
Starting HashThread 1341875000-1476062500
Starting HashThread 1476062500-1610250000
Starting HashThread 1610250000-1744437500
Starting HashThread 1744437500-1878625000
Starting HashThread 1878625000-2012812500
Starting HashThread 2012812500-2147000000
end main
Hashes: 0.0M - Rate: 0.0 H/s - Progress: 0.0%
Hashes: 39.83M - Rate: 132766.66666666666 H/s - Progress: 1.855146716348393%
Hashes: 79.98M - Rate: 134280.9364548495 H/s - Progress: 3.7251979506287842%
Hashes: 120.67M - Rate: 135633.33333333334 H/s - Progress: 5.620400558919422%
Hashes: 161.06M - Rate: 134633.33333333334 H/s - Progress: 7.501630181648812%
Hashes: 201.19M - Rate: 134214.04682274247 H/s - Progress: 9.370749883558453%
Hashes: 240.33M - Rate: 130466.66666666667 H/s - Progress: 11.193758733115976%
Hashes: 278.42M - Rate: 126966.66666666667 H/s - Progress: 12.96786213320913%
Hashes: 316.58M - Rate: 127625.41806020067 H/s - Progress: 14.745225896599907%
Hashes: 354.93M - Rate: 127833.33333333333 H/s - Progress: 16.53143921751281%
Hashes: 392.83M - Rate: 126333.33333333333 H/s - Progress: 18.29669306008384%
Hashes: 431.28M - Rate: 128166.66666666667 H/s - Progress: 20.087564042850488%
Hashes: 469.67M - Rate: 128394.64882943143 H/s - Progress: 21.87564042850489%
Hashes: 507.91M - Rate: 127466.66666666667 H/s - Progress: 23.656730321378667%
Hashes: 546.01M - Rate: 127000.0 H/s - Progress: 25.431299487657196%
Hashes: 584.34M - Rate: 128193.97993311037 H/s - Progress: 27.21658127619935%
Hashes: 622.5M - Rate: 127200.0 H/s - Progress: 28.993945039590123%
Hashes: 660.72M - Rate: 127826.08695652174 H/s - Progress: 30.774103400093157%
Hashes: 699.07M - Rate: 127833.33333333333 H/s - Progress: 32.56031672100605%
Hashes: 736.42M - Rate: 124500.0 H/s - Progress: 34.29995342338146%
Hashes: 774.06M - Rate: 125466.66666666667 H/s - Progress: 36.05309734513275%
Hashes: 812.39M - Rate: 128193.97993311037 H/s - Progress: 37.83837913367489%
Hashes: 850.43M - Rate: 126800.0 H/s - Progress: 39.610153702841174%
Hashes: 887.0M - Rate: 122307.69230769231 H/s - Progress: 41.313460642757335%
Hashes: 923.87M - Rate: 122900.0 H/s - Progress: 43.03074056823475%
Hashes: 961.59M - Rate: 126153.84615384616 H/s - Progress: 44.78761061946903%
Hashes: 998.29M - Rate: 122333.33333333333 H/s - Progress: 46.496972519795065%
Hashes: 1036.15M - Rate: 126200.0 H/s - Progress: 48.26036329762459%
Hashes: 1075.33M - Rate: 131036.78929765886 H/s - Progress: 50.08523521192362%
Hashes: 1115.46M - Rate: 133766.66666666666 H/s - Progress: 51.95435491383326%
Hashes: 1155.2M - Rate: 132909.69899665553 H/s - Progress: 53.80530973451327%
Hashes: 1192.57M - Rate: 124566.66666666667 H/s - Progress: 55.54587796925943%
Hashes: 1230.04M - Rate: 125317.72575250836 H/s - Progress: 57.29110386585934%
Hashes: 1268.35M - Rate: 128127.09030100335 H/s - Progress: 59.07545412203075%
Hashes: 1308.34M - Rate: 133300.0 H/s - Progress: 60.93805309734513%
Hashes: 1348.08M - Rate: 132466.66666666666 H/s - Progress: 62.78900791802515%
Hashes: 1388.58M - Rate: 135000.0 H/s - Progress: 64.67536096879365%
Hashes: 1429.03M - Rate: 135284.28093645486 H/s - Progress: 66.5593851886353%
Hashes: 1468.94M - Rate: 133033.33333333334 H/s - Progress: 68.41825803446669%
Hashes: 1509.22M - Rate: 134266.66666666666 H/s - Progress: 70.29436422915695%
Hashes: 1549.38M - Rate: 134314.38127090302 H/s - Progress: 72.16488122962274%
Hashes: 1589.07M - Rate: 132300.0 H/s - Progress: 74.01350721937587%
Hashes: 1627.72M - Rate: 128833.33333333333 H/s - Progress: 75.81369352585003%
Hashes: 1664.83M - Rate: 124113.71237458194 H/s - Progress: 77.54215183977642%
Hashes: 1701.64M - Rate: 122700.0 H/s - Progress: 79.2566371681416%
Hashes: 1739.18M - Rate: 125133.33333333333 H/s - Progress: 81.00512342803913%
Hashes: 1778.5M - Rate: 131505.01672240804 H/s - Progress: 82.83651606893339%
Hashes: 1818.79M - Rate: 134749.16387959867 H/s - Progress: 84.71308802980903%
Hashes: 1858.56M - Rate: 132566.66666666666 H/s - Progress: 86.56544014904519%
Hashes: 1898.76M - Rate: 134448.16053511706 H/s - Progress: 88.43782021425245%
Hashes: 1939.06M - Rate: 134782.60869565216 H/s - Progress: 90.31485794131346%
Hashes: 1979.23M - Rate: 133900.0 H/s - Progress: 92.1858407079646%
Hashes: 2020.19M - Rate: 136533.33333333334 H/s - Progress: 94.09361900326036%
Hashes: 2061.33M - Rate: 137591.97324414717 H/s - Progress: 96.00978108989288%
Hashes: 2101.24M - Rate: 133033.33333333334 H/s - Progress: 97.86865393572427%
Finished HashThread 1476062500-1610250000
Finished HashThread 402562500-536750000
Finished HashThread 536750000-670937500
Finished HashThread 1610250000-1744437500
Finished HashThread 0-134187500
Finished HashThread 939312500-1073500000
Finished HashThread 2012812500-2147000000
Finished HashThread 1073500000-1207687500
Hashes: 2141.59M - Rate: 134949.83277591973 H/s - Progress: 99.74802049371215%
Finished HashThread 805125000-939312500
Finished HashThread 1878625000-2012812500
Finished HashThread 1341875000-1476062500
Finished HashThread 268375000-402562500
Finished HashThread 670937500-805125000
Finished HashThread 1744437500-1878625000
Finished HashThread 134187500-268375000
Finished HashThread 1207687500-1341875000
